<?xml version="1.0" encoding="UTF-8"?>
<robot generator="Robot 5.0.1 (Python 3.10.6 on win32)" generated="20220823 21:11:44.491" rpa="false" schemaversion="3">
<suite id="s1" name="Test1" source="C:\Users\ravi\PycharmProjects\ravi\tests\test1.robot">
<test id="s1-t1" name="Google" line="8">
<kw name="Open Browser" library="SeleniumLibrary">
<arg>https://www.google.com/</arg>
<arg>chrome</arg>
<doc>Opens a new browser instance to the optional ``url``.</doc>
<msg timestamp="20220823 21:11:45.590" level="INFO">Opening browser 'chrome' to base url 'https://www.google.com/'.</msg>
<msg timestamp="20220823 21:11:54.236" level="WARN">Keyword 'Capture Page Screenshot' could not be run on failure: Message: chrome not reachable
  (Session info: chrome=104.0.5112.102)
Stacktrace:
Backtrace:
	Ordinal0 [0x005278B3+2193587]
	Ordinal0 [0x004C0681+1771137]
	Ordinal0 [0x003D4070+802928]
	Ordinal0 [0x003C9AB2+760498]
	Ordinal0 [0x003BCEAF+708271]
	Ordinal0 [0x003C1142+725314]
	Ordinal0 [0x003C55C9+742857]
	Ordinal0 [0x003D5500+808192]
	Ordinal0 [0x0042D2C2+1168066]
	Ordinal0 [0x0041D5C6+1103302]
	Ordinal0 [0x003F77E0+948192]
	Ordinal0 [0x003F86E6+952038]
	GetHandleVerifier [0x007D0CB2+2738370]
	GetHandleVerifier [0x007C21B8+2678216]
	GetHandleVerifier [0x005B17AA+512954]
	GetHandleVerifier [0x005B0856+509030]
	Ordinal0 [0x004C743B+1799227]
	Ordinal0 [0x004CBB68+1817448]
	Ordinal0 [0x004CBC55+1817685]
	Ordinal0 [0x004D5230+1856048]
	BaseThreadInitThunk [0x776FFA29+25]
	RtlGetAppContainerNamedObjectPath [0x77E07A9E+286]
	RtlGetAppContainerNamedObjectPath [0x77E07A6E+238]
</msg>
<msg timestamp="20220823 21:11:54.238" level="FAIL">WebDriverException: Message: unknown error: cannot determine loading status
from disconnected: received Inspector.detached event
  (Session info: chrome=104.0.5112.102)
Stacktrace:
Backtrace:
	Ordinal0 [0x005278B3+2193587]
	Ordinal0 [0x004C0681+1771137]
	Ordinal0 [0x003D41A8+803240]
	Ordinal0 [0x003C7E1E+753182]
	Ordinal0 [0x003C7A0F+752143]
	Ordinal0 [0x003C6FAF+749487]
	Ordinal0 [0x003C5E94+745108]
	Ordinal0 [0x003C6498+746648]
	Ordinal0 [0x003D0610+787984]
	Ordinal0 [0x003C781D+751645]
	Ordinal0 [0x003C8450+754768]
	Ordinal0 [0x003C7A2A+752170]
	Ordinal0 [0x003C6FAF+749487]
	Ordinal0 [0x003C5E94+745108]
	Ordinal0 [0x003C636D+746349]
	Ordinal0 [0x003D5974+809332]
	Ordinal0 [0x0042E18D+1171853]
	Ordinal0 [0x0041D7AC+1103788]
	Ordinal0 [0x0042DAE2+1170146]
	Ordinal0 [0x0041D5C6+1103302]
	Ordinal0 [0x003F77E0+948192]
	Ordinal0 [0x003F86E6+952038]
	GetHandleVerifier [0x007D0CB2+2738370]
	GetHandleVerifier [0x007C21B8+2678216]
	GetHandleVerifier [0x005B17AA+512954]
	GetHandleVerifier [0x005B0856+509030]
	Ordinal0 [0x004C743B+1799227]
	Ordinal0 [0x004CBB68+1817448]
	Ordinal0 [0x004CBC55+1817685]
	Ordinal0 [0x004D5230+1856048]
	BaseThreadInitThunk [0x776FFA29+25]
	RtlGetAppContainerNamedObjectPath [0x77E07A9E+286]
	RtlGetAppContainerNamedObjectPath [0x77E07A6E+238]
</msg>
<status status="FAIL" starttime="20220823 21:11:45.589" endtime="20220823 21:11:54.243"/>
</kw>
<kw name="Maximize Browser Window" library="SeleniumLibrary">
<doc>Maximizes current browser window.</doc>
<status status="NOT RUN" starttime="20220823 21:11:54.244" endtime="20220823 21:11:54.244"/>
</kw>
<kw name="Sleep" library="BuiltIn">
<arg>10</arg>
<doc>Pauses the test executed for the given time.</doc>
<status status="NOT RUN" starttime="20220823 21:11:54.245" endtime="20220823 21:11:54.245"/>
</kw>
<kw name="Close Browser" library="SeleniumLibrary">
<doc>Closes the current browser.</doc>
<status status="NOT RUN" starttime="20220823 21:11:54.245" endtime="20220823 21:11:54.245"/>
</kw>
<status status="FAIL" starttime="20220823 21:11:45.585" endtime="20220823 21:11:54.246">WebDriverException: Message: unknown error: cannot determine loading status
from disconnected: received Inspector.detached event
  (Session info: chrome=104.0.5112.102)
Stacktrace:
Backtrace:
	Ordinal0 [0x005278B3+2193587]
	Ordinal0 [0x004C0681+1771137]
	Ordinal0 [0x003D41A8+803240]
	Ordinal0 [0x003C7E1E+753182]
	Ordinal0 [0x003C7A0F+752143]
	Ordinal0 [0x003C6FAF+749487]
	Ordinal0 [0x003C5E94+745108]
	Ordinal0 [0x003C6498+746648]
	Ordinal0 [0x003D0610+787984]
	Ordinal0 [0x003C781D+751645]
	Ordinal0 [0x003C8450+754768]
	Ordinal0 [0x003C7A2A+752170]
	Ordinal0 [0x003C6FAF+749487]
	Ordinal0 [0x003C5E94+745108]
	Ordinal0 [0x003C636D+746349]
	Ordinal0 [0x003D5974+809332]
	Ordinal0 [0x0042E18D+1171853]
	Ordinal0 [0x0041D7AC+1103788]
	Ordinal0 [0x0042DAE2+1170146]
	Ordinal0 [0x0041D5C6+1103302]
	Ordinal0 [0x003F77E0+948192]
	Ordinal0 [0x003F86E6+952038]
	GetHandleVerifier [0x007D0CB2+2738370]
	GetHandleVerifier [0x007C21B8+2678216]
	GetHandleVerifier [0x005B17AA+512954]
	GetHandleVerifier [0x005B0856+509030]
	Ordinal0 [0x004C743B+1799227]
	Ordinal0 [0x004CBB68+1817448]
	Ordinal0 [0x004CBC55+1817685]
	Ordinal0 [0x004D5230+1856048]
	BaseThreadInitThunk [0x776FFA29+25]
	RtlGetAppContainerNamedObjectPath [0x77E07A9E+286]
	RtlGetAppContainerNamedObjectPath [0x77E07A6E+238]
</status>
</test>
<status status="FAIL" starttime="20220823 21:11:44.504" endtime="20220823 21:11:54.248"/>
</suite>
<statistics>
<total>
<stat pass="0" fail="1" skip="0">All Tests</stat>
</total>
<tag>
</tag>
<suite>
<stat pass="0" fail="1" skip="0" id="s1" name="Test1">Test1</stat>
</suite>
</statistics>
<errors>
<msg timestamp="20220823 21:11:54.236" level="WARN">Keyword 'Capture Page Screenshot' could not be run on failure: Message: chrome not reachable
  (Session info: chrome=104.0.5112.102)
Stacktrace:
Backtrace:
	Ordinal0 [0x005278B3+2193587]
	Ordinal0 [0x004C0681+1771137]
	Ordinal0 [0x003D4070+802928]
	Ordinal0 [0x003C9AB2+760498]
	Ordinal0 [0x003BCEAF+708271]
	Ordinal0 [0x003C1142+725314]
	Ordinal0 [0x003C55C9+742857]
	Ordinal0 [0x003D5500+808192]
	Ordinal0 [0x0042D2C2+1168066]
	Ordinal0 [0x0041D5C6+1103302]
	Ordinal0 [0x003F77E0+948192]
	Ordinal0 [0x003F86E6+952038]
	GetHandleVerifier [0x007D0CB2+2738370]
	GetHandleVerifier [0x007C21B8+2678216]
	GetHandleVerifier [0x005B17AA+512954]
	GetHandleVerifier [0x005B0856+509030]
	Ordinal0 [0x004C743B+1799227]
	Ordinal0 [0x004CBB68+1817448]
	Ordinal0 [0x004CBC55+1817685]
	Ordinal0 [0x004D5230+1856048]
	BaseThreadInitThunk [0x776FFA29+25]
	RtlGetAppContainerNamedObjectPath [0x77E07A9E+286]
	RtlGetAppContainerNamedObjectPath [0x77E07A6E+238]
</msg>
</errors>
</robot>
